# JRE version: Java(TM) SE Runtime Environment (8.0_05-b13) (build 1.8.0_05-b13)
# Java VM: Java HotSpot(TM) 64-Bit Server VM (25.5-b02 mixed mode windows-amd64 compressed oops)
Heap:
 def new generation   total 103232K, used 1043K [0x00000000a2400000, 0x00000000a9400000, 0x00000000c1800000)
  eden space 91776K,   0% used [0x00000000a2400000, 0x00000000a2400000, 0x00000000a7da0000)
  from space 11456K,   9% used [0x00000000a7da0000, 0x00000000a7ea4f98, 0x00000000a88d0000)
  to   space 11456K,   0% used [0x00000000a88d0000, 0x00000000a88d0000, 0x00000000a9400000)
 tenured generation   total 239200K, used 239109K [0x00000000c1800000, 0x00000000d0198000, 0x0000000100000000)
   the space 239200K,  99% used [0x00000000c1800000, 0x00000000d0181660, 0x00000000d0181800, 0x00000000d0198000)
 Metaspace       used 54879K, capacity 56332K, committed 56568K, reserved 1097728K
  class space    used 7304K, capacity 7584K, committed 7672K, reserved 1048576K
GC Heap History (10 events):
Event: 1237.400 GC heap after
Heap after GC invocations=565 (full 7):
 def new generation   total 103232K, used 1992K [0x00000000a2400000, 0x00000000a9400000, 0x00000000c1800000)
  eden space 91776K,   0% used [0x00000000a2400000, 0x00000000a2400000, 0x00000000a7da0000)
  from space 11456K,  17% used [0x00000000a88d0000, 0x00000000a8ac2168, 0x00000000a9400000)
  to   space 11456K,   0% used [0x00000000a7da0000, 0x00000000a7da0000, 0x00000000a88d0000)
 tenured generation   total 229308K, used 227073K [0x00000000c1800000, 0x00000000cf7ef000, 0x0000000100000000)
   the space 229308K,  99% used [0x00000000c1800000, 0x00000000cf5c07e0, 0x00000000cf5c0800, 0x00000000cf7ef000)
 Metaspace       used 54859K, capacity 56268K, committed 56568K, reserved 1097728K
  class space    used 7304K, capacity 7584K, committed 7672K, reserved 1048576K
}
Event: 1237.400 GC heap before
{Heap before GC invocations=565 (full 7):
 def new generation   total 103232K, used 4754K [0x00000000a2400000, 0x00000000a9400000, 0x00000000c1800000)
  eden space 91776K,   3% used [0x00000000a2400000, 0x00000000a26b28d8, 0x00000000a7da0000)
  from space 11456K,  17% used [0x00000000a88d0000, 0x00000000a8ac2168, 0x00000000a9400000)
  to   space 11456K,   0% used [0x00000000a7da0000, 0x00000000a7da0000, 0x00000000a88d0000)
 tenured generation   total 229308K, used 227073K [0x00000000c1800000, 0x00000000cf7ef000, 0x0000000100000000)
   the space 229308K,  99% used [0x00000000c1800000, 0x00000000cf5c07e0, 0x00000000cf5c0800, 0x00000000cf7ef000)
 Metaspace       used 54859K, capacity 56268K, committed 56568K, reserved 1097728K
  class space    used 7304K, capacity 7584K, committed 7672K, reserved 1048576K
Event: 1237.404 GC heap after
Heap after GC invocations=566 (full 7):
 def new generation   total 103232K, used 1992K [0x00000000a2400000, 0x00000000a9400000, 0x00000000c1800000)
  eden space 91776K,   0% used [0x00000000a2400000, 0x00000000a2400000, 0x00000000a7da0000)
  from space 11456K,  17% used [0x00000000a7da0000, 0x00000000a7f92200, 0x00000000a88d0000)
  to   space 11456K,   0% used [0x00000000a88d0000, 0x00000000a88d0000, 0x00000000a9400000)
 tenured generation   total 229308K, used 227073K [0x00000000c1800000, 0x00000000cf7ef000, 0x0000000100000000)
   the space 229308K,  99% used [0x00000000c1800000, 0x00000000cf5c07e0, 0x00000000cf5c0800, 0x00000000cf7ef000)
 Metaspace       used 54859K, capacity 56268K, committed 56568K, reserved 1097728K
  class space    used 7304K, capacity 7584K, committed 7672K, reserved 1048576K
}
Event: 1237.463 GC heap before
{Heap before GC invocations=566 (full 7):
 def new generation   total 103232K, used 96282K [0x00000000a2400000, 0x00000000a9400000, 0x00000000c1800000)
  eden space 91776K, 100% used [0x00000000a2400000, 0x00000000a7da0000, 0x00000000a7da0000)
  from space 11456K,  39% used [0x00000000a7da0000, 0x00000000a8206828, 0x00000000a88d0000)
  to   space 11456K,   0% used [0x00000000a88d0000, 0x00000000a88d0000, 0x00000000a9400000)
 tenured generation   total 229308K, used 227073K [0x00000000c1800000, 0x00000000cf7ef000, 0x0000000100000000)
   the space 229308K,  99% used [0x00000000c1800000, 0x00000000cf5c07e0, 0x00000000cf5c0800, 0x00000000cf7ef000)
 Metaspace       used 54859K, capacity 56268K, committed 56568K, reserved 1097728K
  class space    used 7304K, capacity 7584K, committed 7672K, reserved 1048576K
Event: 1237.485 GC heap after
Heap after GC invocations=567 (full 7):
 def new generation   total 103232K, used 8856K [0x00000000a2400000, 0x00000000a9400000, 0x00000000c1800000)
  eden space 91776K,   0% used [0x00000000a2400000, 0x00000000a2400000, 0x00000000a7da0000)
  from space 11456K,  77% used [0x00000000a88d0000, 0x00000000a9176090, 0x00000000a9400000)
  to   space 11456K,   0% used [0x00000000a7da0000, 0x00000000a7da0000, 0x00000000a88d0000)
 tenured generation   total 229308K, used 227073K [0x00000000c1800000, 0x00000000cf7ef000, 0x0000000100000000)
   the space 229308K,  99% used [0x00000000c1800000, 0x00000000cf5c07e0, 0x00000000cf5c0800, 0x00000000cf7ef000)
 Metaspace       used 54859K, capacity 56268K, committed 56568K, reserved 1097728K
  class space    used 7304K, capacity 7584K, committed 7672K, reserved 1048576K
}
Event: 1237.485 GC heap before
{Heap before GC invocations=567 (full 7):
 def new generation   total 103232K, used 11289K [0x00000000a2400000, 0x00000000a9400000, 0x00000000c1800000)
  eden space 91776K,   2% used [0x00000000a2400000, 0x00000000a2660600, 0x00000000a7da0000)
  from space 11456K,  77% used [0x00000000a88d0000, 0x00000000a9176090, 0x00000000a9400000)
  to   space 11456K,   0% used [0x00000000a7da0000, 0x00000000a7da0000, 0x00000000a88d0000)
 tenured generation   total 229308K, used 227073K [0x00000000c1800000, 0x00000000cf7ef000, 0x0000000100000000)
   the space 229308K,  99% used [0x00000000c1800000, 0x00000000cf5c07e0, 0x00000000cf5c0800, 0x00000000cf7ef000)
 Metaspace       used 54859K, capacity 56268K, committed 56568K, reserved 1097728K
  class space    used 7304K, capacity 7584K, committed 7672K, reserved 1048576K
Event: 1237.501 GC heap after
Heap after GC invocations=568 (full 7):
 def new generation   total 103232K, used 19K [0x00000000a2400000, 0x00000000a9400000, 0x00000000c1800000)
  eden space 91776K,   0% used [0x00000000a2400000, 0x00000000a2400000, 0x00000000a7da0000)
  from space 11456K,   0% used [0x00000000a7da0000, 0x00000000a7da4f00, 0x00000000a88d0000)
  to   space 11456K,   0% used [0x00000000a88d0000, 0x00000000a88d0000, 0x00000000a9400000)
 tenured generation   total 236004K, used 235920K [0x00000000c1800000, 0x00000000cfe79000, 0x0000000100000000)
   the space 236004K,  99% used [0x00000000c1800000, 0x00000000cfe640d0, 0x00000000cfe64200, 0x00000000cfe79000)
 Metaspace       used 54859K, capacity 56268K, committed 56568K, reserved 1097728K
  class space    used 7304K, capacity 7584K, committed 7672K, reserved 1048576K
}
Event: 1237.521 GC heap before
{Heap before GC invocations=568 (full 7):
 def new generation   total 103232K, used 92664K [0x00000000a2400000, 0x00000000a9400000, 0x00000000c1800000)
  eden space 91776K,  99% used [0x00000000a2400000, 0x00000000a7d2a718, 0x00000000a7da0000)
  from space 11456K,  11% used [0x00000000a7da0000, 0x00000000a7ef39e8, 0x00000000a88d0000)
  to   space 11456K,   0% used [0x00000000a88d0000, 0x00000000a88d0000, 0x00000000a9400000)
 tenured generation   total 236004K, used 235920K [0x00000000c1800000, 0x00000000cfe79000, 0x0000000100000000)
   the space 236004K,  99% used [0x00000000c1800000, 0x00000000cfe640d0, 0x00000000cfe64200, 0x00000000cfe79000)
 Metaspace       used 54859K, capacity 56268K, committed 56568K, reserved 1097728K
  class space    used 7304K, capacity 7584K, committed 7672K, reserved 1048576K
Event: 1237.525 GC heap after
Heap after GC invocations=569 (full 7):
 def new generation   total 103232K, used 6537K [0x00000000a2400000, 0x00000000a9400000, 0x00000000c1800000)
  eden space 91776K,   0% used [0x00000000a2400000, 0x00000000a2400000, 0x00000000a7da0000)
  from space 11456K,  57% used [0x00000000a88d0000, 0x00000000a8f32658, 0x00000000a9400000)
  to   space 11456K,   0% used [0x00000000a7da0000, 0x00000000a7da0000, 0x00000000a88d0000)
 tenured generation   total 236004K, used 235920K [0x00000000c1800000, 0x00000000cfe79000, 0x0000000100000000)
   the space 236004K,  99% used [0x00000000c1800000, 0x00000000cfe640d0, 0x00000000cfe64200, 0x00000000cfe79000)
 Metaspace       used 54859K, capacity 56268K, committed 56568K, reserved 1097728K
  class space    used 7304K, capacity 7584K, committed 7672K, reserved 1048576K
}
Event: 9716.191 GC heap before
{Heap before GC invocations=569 (full 7):
 def new generation   total 103232K, used 98313K [0x00000000a2400000, 0x00000000a9400000, 0x00000000c1800000)
  eden space 91776K, 100% used [0x00000000a2400000, 0x00000000a7da0000, 0x00000000a7da0000)
  from space 11456K,  57% used [0x00000000a88d0000, 0x00000000a8f32658, 0x00000000a9400000)
  to   space 11456K,   0% used [0x00000000a7da0000, 0x00000000a7da0000, 0x00000000a88d0000)
 tenured generation   total 236004K, used 235920K [0x00000000c1800000, 0x00000000cfe79000, 0x0000000100000000)
   the space 236004K,  99% used [0x00000000c1800000, 0x00000000cfe640d0, 0x00000000cfe64200, 0x00000000cfe79000)
 Metaspace       used 54879K, capacity 56332K, committed 56568K, reserved 1097728K
  class space    used 7304K, capacity 7584K, committed 7672K, reserved 1048576K

